  CLI.c
C:\Users\lukec\source\repos\Regeces\Regeces\CLI.c(68,25): warning C4090: 'function': different 'const' qualifiers
C:\Users\lukec\source\repos\Regeces\Regeces\CLI.c(74,25): warning C4090: 'function': different 'const' qualifiers
C:\Users\lukec\source\repos\Regeces\Regeces\CLI.c(145,25): warning C4090: 'function': different 'const' qualifiers
C:\Users\lukec\source\repos\Regeces\Regeces\CLI.c(152,25): warning C4090: 'function': different 'const' qualifiers
C:\Users\lukec\source\repos\Regeces\Regeces\CLI.c(158,25): warning C4090: 'function': different 'const' qualifiers
C:\Users\lukec\source\repos\Regeces\Regeces\CLI.c(166,26): warning C4090: 'function': different 'const' qualifiers
C:\Users\lukec\source\repos\Regeces\Regeces\CLI.c(195,1): warning C4133: 'initializing': incompatible types - from 'void **' to '_str **'
C:\Users\lukec\source\repos\Regeces\Regeces\CLI.c(245,1): warning C4133: 'initializing': incompatible types - from 'void **' to '_str **'
C:\Users\lukec\source\repos\Regeces\Regeces\CLI.c(273,1): warning C4133: 'initializing': incompatible types - from 'void **' to '_str **'
C:\Users\lukec\source\repos\Regeces\Regeces\CLI.c(338,25): warning C4090: 'function': different 'const' qualifiers
C:\Users\lukec\source\repos\Regeces\Regeces\CLI.c(345,25): warning C4090: 'function': different 'const' qualifiers
C:\Users\lukec\source\repos\Regeces\Regeces\CLI.c(351,25): warning C4090: 'function': different 'const' qualifiers
C:\Users\lukec\source\repos\Regeces\Regeces\CLI.c(399,26): warning C4090: 'function': different 'const' qualifiers
C:\Users\lukec\source\repos\Regeces\Regeces\CLI.c(422,20): warning C4022: 'ALappend': pointer mismatch for actual parameter 2
C:\Users\lukec\source\repos\Regeces\Regeces\CLI.c(432,21): warning C4022: 'ALprepend': pointer mismatch for actual parameter 2
C:\Users\lukec\source\repos\Regeces\Regeces\CLI.c(443,43): warning C4022: 'ALremoveItemAddr': pointer mismatch for actual parameter 2
C:\Users\lukec\source\repos\Regeces\Regeces\CLI.c(503,41): warning C4022: 'ALgetItemAddr': pointer mismatch for actual parameter 2
C:\Users\lukec\source\repos\Regeces\Regeces\CLI.c(535,18): warning C4133: 'function': incompatible types - from '_arrlist *' to '_ht *'
C:\Users\lukec\source\repos\Regeces\Regeces\CLI.c(484,1): warning C4047: 'initializing': 'int' differs in levels of indirection from 'void *'
C:\Users\lukec\source\repos\Regeces\Regeces\CLI.c(503,1): warning C4047: 'initializing': 'int' differs in levels of indirection from 'void *'
C:\Users\lukec\source\repos\Regeces\Regeces\CLI.c(569,25): warning C4090: 'function': different 'const' qualifiers
C:\Users\lukec\source\repos\Regeces\Regeces\CLI.c(575,25): warning C4090: 'function': different 'const' qualifiers
C:\Users\lukec\source\repos\Regeces\Regeces\CLI.c(581,25): warning C4090: 'function': different 'const' qualifiers
C:\Users\lukec\source\repos\Regeces\Regeces\CLI.c(587,25): warning C4090: 'function': different 'const' qualifiers
C:\Users\lukec\source\repos\Regeces\Regeces\CLI.c(594,26): warning C4090: 'function': different 'const' qualifiers
C:\Users\lukec\source\repos\Regeces\Regeces\CLI.c(685,25): warning C4090: 'function': different 'const' qualifiers
C:\Users\lukec\source\repos\Regeces\Regeces\CLI.c(691,25): warning C4090: 'function': different 'const' qualifiers
C:\Users\lukec\source\repos\Regeces\Regeces\CLI.c(697,25): warning C4090: 'function': different 'const' qualifiers
C:\Users\lukec\source\repos\Regeces\Regeces\CLI.c(724,22): warning C4133: '==': incompatible types - from 'Error *' to '_regex *'
C:\Users\lukec\source\repos\Regeces\Regeces\CLI.c(726,21): warning C4133: 'function': incompatible types - from '_regex *' to 'Error *'
C:\Users\lukec\source\repos\Regeces\Regeces\CLI.c(726,24): warning C4020: 'printError': too many actual parameters
C:\Users\lukec\source\repos\Regeces\Regeces\CLI.c(757,21): warning C4047: '==': 'int' differs in levels of indirection from 'Error *'
C:\Users\lukec\source\repos\Regeces\Regeces\CLI.c(759,20): warning C4047: 'function': 'Error *' differs in levels of indirection from 'int'
C:\Users\lukec\source\repos\Regeces\Regeces\CLI.c(759,18): warning C4024: 'printError': different types for formal and actual parameter 1
C:\Users\lukec\source\repos\Regeces\Regeces\CLI.c(759,23): warning C4020: 'printError': too many actual parameters
C:\Users\lukec\source\repos\Regeces\Regeces\CLI.c(858,25): warning C4133: '=': incompatible types - from 'char [5]' to '_str *'
C:\Users\lukec\source\repos\Regeces\Regeces\CLI.c(887,1): warning C4029: declared formal parameter list different from definition
C:\Users\lukec\source\repos\Regeces\Regeces\CLI.c(888,164): warning C4090: 'function': different 'const' qualifiers
C:\Users\lukec\source\repos\Regeces\Regeces\CLI.c(903): warning C4715: 'printError': not all control paths return a value
  Regeces.vcxproj -> C:\Users\lukec\source\repos\Regeces\Debug\Regeces.exe
