c:\users\lukec\source\repos\regeces\regeces\debug\vc142.pdb
c:\users\lukec\source\repos\regeces\regeces\debug\vc142.idb
c:\users\lukec\source\repos\regeces\regeces\debug\type.obj
c:\users\lukec\source\repos\regeces\regeces\debug\main.obj
c:\users\lukec\source\repos\regeces\regeces\debug\linkedlist.obj
c:\users\lukec\source\repos\regeces\regeces\debug\interpreter.obj
c:\users\lukec\source\repos\regeces\regeces\debug\hashtable.obj
c:\users\lukec\source\repos\regeces\regeces\debug\arraylist.obj
c:\users\lukec\source\repos\regeces\regeces\debug\string.obj
c:\users\lukec\source\repos\regeces\regeces\debug\regex.obj
c:\users\lukec\source\repos\regeces\debug\regeces.pdb
c:\users\lukec\source\repos\regeces\regeces\debug\regeces.tlog\cl.command.1.tlog
c:\users\lukec\source\repos\regeces\regeces\debug\regeces.tlog\cl.read.1.tlog
c:\users\lukec\source\repos\regeces\regeces\debug\regeces.tlog\cl.write.1.tlog
c:\users\lukec\source\repos\regeces\regeces\debug\regeces.tlog\link-cvtres.read.1.tlog
c:\users\lukec\source\repos\regeces\regeces\debug\regeces.tlog\link-cvtres.write.1.tlog
c:\users\lukec\source\repos\regeces\regeces\debug\regeces.tlog\link-rc.read.1.tlog
c:\users\lukec\source\repos\regeces\regeces\debug\regeces.tlog\link-rc.write.1.tlog
c:\users\lukec\source\repos\regeces\regeces\debug\regeces.tlog\link.command.1.tlog
c:\users\lukec\source\repos\regeces\regeces\debug\regeces.tlog\link.read.1.tlog
c:\users\lukec\source\repos\regeces\regeces\debug\regeces.tlog\link.write.1.tlog
